Failed handling activation on workflow with run ID 7db92bd6-cee4-4046-a7c5-558da4fcfc4e
Traceback (most recent call last):
  File "/Users/Krizpham/Thac si/IT6819 - Kiến trúc phần mềm/order_management_system/.venv/lib/python3.10/site-packages/temporalio/worker/_workflow.py", line 201, in _handle_activation
    workflow = self._create_workflow_instance(act)
  File "/Users/Krizpham/Thac si/IT6819 - Kiến trúc phần mềm/order_management_system/.venv/lib/python3.10/site-packages/temporalio/worker/_workflow.py", line 309, in _create_workflow_instance
    raise temporalio.exceptions.ApplicationError(
temporalio.exceptions.ApplicationError: NotFoundError: Workflow class OrderWorkflow is not registered on this worker, available workflows: OrderApprovalWorkflow
Failed handling activation on workflow with run ID 7db92bd6-cee4-4046-a7c5-558da4fcfc4e
Traceback (most recent call last):
  File "/Users/Krizpham/Thac si/IT6819 - Kiến trúc phần mềm/order_management_system/.venv/lib/python3.10/site-packages/temporalio/worker/_workflow.py", line 201, in _handle_activation
    workflow = self._create_workflow_instance(act)
  File "/Users/Krizpham/Thac si/IT6819 - Kiến trúc phần mềm/order_management_system/.venv/lib/python3.10/site-packages/temporalio/worker/_workflow.py", line 309, in _create_workflow_instance
    raise temporalio.exceptions.ApplicationError(
temporalio.exceptions.ApplicationError: NotFoundError: Workflow class OrderWorkflow is not registered on this worker, available workflows: OrderApprovalWorkflow
Failed handling activation on workflow with run ID 7db92bd6-cee4-4046-a7c5-558da4fcfc4e
Traceback (most recent call last):
  File "/Users/Krizpham/Thac si/IT6819 - Kiến trúc phần mềm/order_management_system/.venv/lib/python3.10/site-packages/temporalio/worker/_workflow.py", line 201, in _handle_activation
    workflow = self._create_workflow_instance(act)
  File "/Users/Krizpham/Thac si/IT6819 - Kiến trúc phần mềm/order_management_system/.venv/lib/python3.10/site-packages/temporalio/worker/_workflow.py", line 309, in _create_workflow_instance
    raise temporalio.exceptions.ApplicationError(
temporalio.exceptions.ApplicationError: NotFoundError: Workflow class OrderWorkflow is not registered on this worker, available workflows: OrderApprovalWorkflow
[2m2025-04-09T09:32:17.161403Z[0m [33m WARN[0m [2mtemporal_client::retry[0m[2m:[0m gRPC call poll_workflow_task_queue retried 6 times [3merror[0m[2m=[0mStatus { code: Unavailable, message: "error trying to connect: tcp connect error: Connection refused (os error 61)", source: Some(tonic::transport::Error(Transport, hyper::Error(Connect, ConnectError("tcp connect error", Os { code: 61, kind: ConnectionRefused, message: "Connection refused" })))) }
[2m2025-04-09T09:32:17.295650Z[0m [33m WARN[0m [2mtemporal_client::retry[0m[2m:[0m gRPC call poll_activity_task_queue retried 6 times [3merror[0m[2m=[0mStatus { code: Unavailable, message: "error trying to connect: tcp connect error: Connection refused (os error 61)", source: Some(tonic::transport::Error(Transport, hyper::Error(Connect, ConnectError("tcp connect error", Os { code: 61, kind: ConnectionRefused, message: "Connection refused" })))) }
[2m2025-04-09T09:32:17.605838Z[0m [33m WARN[0m [2mtemporal_client::retry[0m[2m:[0m gRPC call poll_workflow_task_queue retried 6 times [3merror[0m[2m=[0mStatus { code: Unavailable, message: "error trying to connect: tcp connect error: Connection refused (os error 61)", source: Some(tonic::transport::Error(Transport, hyper::Error(Connect, ConnectError("tcp connect error", Os { code: 61, kind: ConnectionRefused, message: "Connection refused" })))) }
[2m2025-04-09T09:32:17.820291Z[0m [33m WARN[0m [2mtemporal_client::retry[0m[2m:[0m gRPC call poll_activity_task_queue retried 6 times [3merror[0m[2m=[0mStatus { code: Unavailable, message: "error trying to connect: tcp connect error: Connection refused (os error 61)", source: Some(tonic::transport::Error(Transport, hyper::Error(Connect, ConnectError("tcp connect error", Os { code: 61, kind: ConnectionRefused, message: "Connection refused" })))) }
[2m2025-04-09T09:32:17.887184Z[0m [33m WARN[0m [2mtemporal_client::retry[0m[2m:[0m gRPC call poll_activity_task_queue retried 6 times [3merror[0m[2m=[0mStatus { code: Unavailable, message: "error trying to connect: tcp connect error: Connection refused (os error 61)", source: Some(tonic::transport::Error(Transport, hyper::Error(Connect, ConnectError("tcp connect error", Os { code: 61, kind: ConnectionRefused, message: "Connection refused" })))) }
[2m2025-04-09T09:32:18.040925Z[0m [33m WARN[0m [2mtemporal_client::retry[0m[2m:[0m gRPC call poll_activity_task_queue retried 6 times [3merror[0m[2m=[0mStatus { code: Unavailable, message: "error trying to connect: tcp connect error: Connection refused (os error 61)", source: Some(tonic::transport::Error(Transport, hyper::Error(Connect, ConnectError("tcp connect error", Os { code: 61, kind: ConnectionRefused, message: "Connection refused" })))) }
[2m2025-04-09T09:32:18.298617Z[0m [33m WARN[0m [2mtemporal_client::retry[0m[2m:[0m gRPC call poll_workflow_task_queue retried 6 times [3merror[0m[2m=[0mStatus { code: Unavailable, message: "error trying to connect: tcp connect error: Connection refused (os error 61)", source: Some(tonic::transport::Error(Transport, hyper::Error(Connect, ConnectError("tcp connect error", Os { code: 61, kind: ConnectionRefused, message: "Connection refused" })))) }
[2m2025-04-09T09:32:18.343000Z[0m [33m WARN[0m [2mtemporal_client::retry[0m[2m:[0m gRPC call poll_workflow_task_queue retried 6 times [3merror[0m[2m=[0mStatus { code: Unavailable, message: "error trying to connect: tcp connect error: Connection refused (os error 61)", source: Some(tonic::transport::Error(Transport, hyper::Error(Connect, ConnectError("tcp connect error", Os { code: 61, kind: ConnectionRefused, message: "Connection refused" })))) }
[2m2025-04-09T09:32:18.368789Z[0m [33m WARN[0m [2mtemporal_client::retry[0m[2m:[0m gRPC call poll_activity_task_queue retried 6 times [3merror[0m[2m=[0mStatus { code: Unavailable, message: "error trying to connect: tcp connect error: Connection refused (os error 61)", source: Some(tonic::transport::Error(Transport, hyper::Error(Connect, ConnectError("tcp connect error", Os { code: 61, kind: ConnectionRefused, message: "Connection refused" })))) }
[2m2025-04-09T09:32:18.699029Z[0m [33m WARN[0m [2mtemporal_client::retry[0m[2m:[0m gRPC call poll_workflow_task_queue retried 6 times [3merror[0m[2m=[0mStatus { code: Unavailable, message: "error trying to connect: tcp connect error: Connection refused (os error 61)", source: Some(tonic::transport::Error(Transport, hyper::Error(Connect, ConnectError("tcp connect error", Os { code: 61, kind: ConnectionRefused, message: "Connection refused" })))) }
[2m2025-04-09T09:32:22.942513Z[0m [33m WARN[0m [2mtemporal_client::retry[0m[2m:[0m gRPC call poll_workflow_task_queue retried 7 times [3merror[0m[2m=[0mStatus { code: Unavailable, message: "error trying to connect: tcp connect error: Connection refused (os error 61)", source: Some(tonic::transport::Error(Transport, hyper::Error(Connect, ConnectError("tcp connect error", Os { code: 61, kind: ConnectionRefused, message: "Connection refused" })))) }
[2m2025-04-09T09:32:23.354041Z[0m [33m WARN[0m [2mtemporal_client::retry[0m[2m:[0m gRPC call poll_activity_task_queue retried 7 times [3merror[0m[2m=[0mStatus { code: Unavailable, message: "error trying to connect: tcp connect error: Connection refused (os error 61)", source: Some(tonic::transport::Error(Transport, hyper::Error(Connect, ConnectError("tcp connect error", Os { code: 61, kind: ConnectionRefused, message: "Connection refused" })))) }
[2m2025-04-09T09:32:23.453281Z[0m [33m WARN[0m [2mtemporal_client::retry[0m[2m:[0m gRPC call poll_activity_task_queue retried 7 times [3merror[0m[2m=[0mStatus { code: Unavailable, message: "error trying to connect: tcp connect error: Connection refused (os error 61)", source: Some(tonic::transport::Error(Transport, hyper::Error(Connect, ConnectError("tcp connect error", Os { code: 61, kind: ConnectionRefused, message: "Connection refused" })))) }
[2m2025-04-09T09:32:23.547934Z[0m [33m WARN[0m [2mtemporal_client::retry[0m[2m:[0m gRPC call poll_workflow_task_queue retried 7 times [3merror[0m[2m=[0mStatus { code: Unavailable, message: "error trying to connect: tcp connect error: Connection refused (os error 61)", source: Some(tonic::transport::Error(Transport, hyper::Error(Connect, ConnectError("tcp connect error", Os { code: 61, kind: ConnectionRefused, message: "Connection refused" })))) }
[2m2025-04-09T09:32:23.559179Z[0m [33m WARN[0m [2mtemporal_client::retry[0m[2m:[0m gRPC call poll_activity_task_queue retried 7 times [3merror[0m[2m=[0mStatus { code: Unavailable, message: "error trying to connect: tcp connect error: Connection refused (os error 61)", source: Some(tonic::transport::Error(Transport, hyper::Error(Connect, ConnectError("tcp connect error", Os { code: 61, kind: ConnectionRefused, message: "Connection refused" })))) }
[2m2025-04-09T09:32:23.584408Z[0m [33m WARN[0m [2mtemporal_client::retry[0m[2m:[0m gRPC call poll_activity_task_queue retried 7 times [3merror[0m[2m=[0mStatus { code: Unavailable, message: "error trying to connect: tcp connect error: Connection refused (os error 61)", source: Some(tonic::transport::Error(Transport, hyper::Error(Connect, ConnectError("tcp connect error", Os { code: 61, kind: ConnectionRefused, message: "Connection refused" })))) }
[2m2025-04-09T09:32:24.367925Z[0m [33m WARN[0m [2mtemporal_client::retry[0m[2m:[0m gRPC call poll_workflow_task_queue retried 7 times [3merror[0m[2m=[0mStatus { code: Unavailable, message: "error trying to connect: tcp connect error: Connection refused (os error 61)", source: Some(tonic::transport::Error(Transport, hyper::Error(Connect, ConnectError("tcp connect error", Os { code: 61, kind: ConnectionRefused, message: "Connection refused" })))) }
[2m2025-04-09T09:32:25.493758Z[0m [33m WARN[0m [2mtemporal_client::retry[0m[2m:[0m gRPC call poll_workflow_task_queue retried 7 times [3merror[0m[2m=[0mStatus { code: Unavailable, message: "error trying to connect: tcp connect error: Connection refused (os error 61)", source: Some(tonic::transport::Error(Transport, hyper::Error(Connect, ConnectError("tcp connect error", Os { code: 61, kind: ConnectionRefused, message: "Connection refused" })))) }
[2m2025-04-09T09:32:25.721413Z[0m [33m WARN[0m [2mtemporal_client::retry[0m[2m:[0m gRPC call poll_activity_task_queue retried 7 times [3merror[0m[2m=[0mStatus { code: Unavailable, message: "error trying to connect: tcp connect error: Connection refused (os error 61)", source: Some(tonic::transport::Error(Transport, hyper::Error(Connect, ConnectError("tcp connect error", Os { code: 61, kind: ConnectionRefused, message: "Connection refused" })))) }
[2m2025-04-09T09:32:25.789038Z[0m [33m WARN[0m [2mtemporal_client::retry[0m[2m:[0m gRPC call poll_workflow_task_queue retried 7 times [3merror[0m[2m=[0mStatus { code: Unavailable, message: "error trying to connect: tcp connect error: Connection refused (os error 61)", source: Some(tonic::transport::Error(Transport, hyper::Error(Connect, ConnectError("tcp connect error", Os { code: 61, kind: ConnectionRefused, message: "Connection refused" })))) }
[2m2025-04-09T09:32:31.594148Z[0m [33m WARN[0m [2mtemporal_client::retry[0m[2m:[0m gRPC call poll_activity_task_queue retried 8 times [3merror[0m[2m=[0mStatus { code: Unavailable, message: "error trying to connect: tcp connect error: Connection refused (os error 61)", source: Some(tonic::transport::Error(Transport, hyper::Error(Connect, ConnectError("tcp connect error", Os { code: 61, kind: ConnectionRefused, message: "Connection refused" })))) }
[2m2025-04-09T09:32:32.392521Z[0m [33m WARN[0m [2mtemporal_client::retry[0m[2m:[0m gRPC call poll_activity_task_queue retried 8 times [3merror[0m[2m=[0mStatus { code: Unavailable, message: "error trying to connect: tcp connect error: Connection refused (os error 61)", source: Some(tonic::transport::Error(Transport, hyper::Error(Connect, ConnectError("tcp connect error", Os { code: 61, kind: ConnectionRefused, message: "Connection refused" })))) }
[2m2025-04-09T09:32:32.983542Z[0m [33m WARN[0m [2mtemporal_client::retry[0m[2m:[0m gRPC call poll_workflow_task_queue retried 8 times [3merror[0m[2m=[0mStatus { code: Unavailable, message: "error trying to connect: tcp connect error: Connection refused (os error 61)", source: Some(tonic::transport::Error(Transport, hyper::Error(Connect, ConnectError("tcp connect error", Os { code: 61, kind: ConnectionRefused, message: "Connection refused" })))) }
[2m2025-04-09T09:32:33.324995Z[0m [33m WARN[0m [2mtemporal_client::retry[0m[2m:[0m gRPC call poll_activity_task_queue retried 8 times [3merror[0m[2m=[0mStatus { code: Unavailable, message: "error trying to connect: tcp connect error: Connection refused (os error 61)", source: Some(tonic::transport::Error(Transport, hyper::Error(Connect, ConnectError("tcp connect error", Os { code: 61, kind: ConnectionRefused, message: "Connection refused" })))) }
[2m2025-04-09T09:32:33.356499Z[0m [33m WARN[0m [2mtemporal_client::retry[0m[2m:[0m gRPC call poll_workflow_task_queue retried 8 times [3merror[0m[2m=[0mStatus { code: Unavailable, message: "error trying to connect: tcp connect error: Connection refused (os error 61)", source: Some(tonic::transport::Error(Transport, hyper::Error(Connect, ConnectError("tcp connect error", Os { code: 61, kind: ConnectionRefused, message: "Connection refused" })))) }
[2m2025-04-09T09:32:33.605863Z[0m [33m WARN[0m [2mtemporal_client::retry[0m[2m:[0m gRPC call poll_activity_task_queue retried 8 times [3merror[0m[2m=[0mStatus { code: Unavailable, message: "error trying to connect: tcp connect error: Connection refused (os error 61)", source: Some(tonic::transport::Error(Transport, hyper::Error(Connect, ConnectError("tcp connect error", Os { code: 61, kind: ConnectionRefused, message: "Connection refused" })))) }
[2m2025-04-09T09:32:34.260719Z[0m [33m WARN[0m [2mtemporal_client::retry[0m[2m:[0m gRPC call poll_activity_task_queue retried 8 times [3merror[0m[2m=[0mStatus { code: Unavailable, message: "error trying to connect: tcp connect error: Connection refused (os error 61)", source: Some(tonic::transport::Error(Transport, hyper::Error(Connect, ConnectError("tcp connect error", Os { code: 61, kind: ConnectionRefused, message: "Connection refused" })))) }
[2m2025-04-09T09:32:34.379753Z[0m [33m WARN[0m [2mtemporal_client::retry[0m[2m:[0m gRPC call poll_workflow_task_queue retried 8 times [3merror[0m[2m=[0mStatus { code: Unavailable, message: "error trying to connect: tcp connect error: Connection refused (os error 61)", source: Some(tonic::transport::Error(Transport, hyper::Error(Connect, ConnectError("tcp connect error", Os { code: 61, kind: ConnectionRefused, message: "Connection refused" })))) }
[2m2025-04-09T09:32:35.099275Z[0m [33m WARN[0m [2mtemporal_client::retry[0m[2m:[0m gRPC call poll_workflow_task_queue retried 8 times [3merror[0m[2m=[0mStatus { code: Unavailable, message: "error trying to connect: tcp connect error: Connection refused (os error 61)", source: Some(tonic::transport::Error(Transport, hyper::Error(Connect, ConnectError("tcp connect error", Os { code: 61, kind: ConnectionRefused, message: "Connection refused" })))) }
[2m2025-04-09T09:32:36.241705Z[0m [33m WARN[0m [2mtemporal_client::retry[0m[2m:[0m gRPC call poll_workflow_task_queue retried 8 times [3merror[0m[2m=[0mStatus { code: Unavailable, message: "error trying to connect: tcp connect error: Connection refused (os error 61)", source: Some(tonic::transport::Error(Transport, hyper::Error(Connect, ConnectError("tcp connect error", Os { code: 61, kind: ConnectionRefused, message: "Connection refused" })))) }
[2m2025-04-09T09:32:40.664417Z[0m [33m WARN[0m [2mtemporal_client::retry[0m[2m:[0m gRPC call poll_activity_task_queue retried 9 times [3merror[0m[2m=[0mStatus { code: Unavailable, message: "error trying to connect: tcp connect error: Connection refused (os error 61)", source: Some(tonic::transport::Error(Transport, hyper::Error(Connect, ConnectError("tcp connect error", Os { code: 61, kind: ConnectionRefused, message: "Connection refused" })))) }
[2m2025-04-09T09:32:41.003196Z[0m [33m WARN[0m [2mtemporal_client::retry[0m[2m:[0m gRPC call poll_workflow_task_queue retried 9 times [3merror[0m[2m=[0mStatus { code: Unavailable, message: "error trying to connect: tcp connect error: Connection refused (os error 61)", source: Some(tonic::transport::Error(Transport, hyper::Error(Connect, ConnectError("tcp connect error", Os { code: 61, kind: ConnectionRefused, message: "Connection refused" })))) }
[2m2025-04-09T09:32:42.287782Z[0m [33m WARN[0m [2mtemporal_client::retry[0m[2m:[0m gRPC call poll_activity_task_queue retried 9 times [3merror[0m[2m=[0mStatus { code: Unavailable, message: "error trying to connect: tcp connect error: Connection refused (os error 61)", source: Some(tonic::transport::Error(Transport, hyper::Error(Connect, ConnectError("tcp connect error", Os { code: 61, kind: ConnectionRefused, message: "Connection refused" })))) }
[2m2025-04-09T09:32:42.318239Z[0m [33m WARN[0m [2mtemporal_client::retry[0m[2m:[0m gRPC call poll_workflow_task_queue retried 9 times [3merror[0m[2m=[0mStatus { code: Unavailable, message: "error trying to connect: tcp connect error: Connection refused (os error 61)", source: Some(tonic::transport::Error(Transport, hyper::Error(Connect, ConnectError("tcp connect error", Os { code: 61, kind: ConnectionRefused, message: "Connection refused" })))) }
[2m2025-04-09T09:32:42.656466Z[0m [33m WARN[0m [2mtemporal_client::retry[0m[2m:[0m gRPC call poll_activity_task_queue retried 9 times [3merror[0m[2m=[0mStatus { code: Unavailable, message: "error trying to connect: tcp connect error: Connection refused (os error 61)", source: Some(tonic::transport::Error(Transport, hyper::Error(Connect, ConnectError("tcp connect error", Os { code: 61, kind: ConnectionRefused, message: "Connection refused" })))) }
[2m2025-04-09T09:32:43.588940Z[0m [33m WARN[0m [2mtemporal_client::retry[0m[2m:[0m gRPC call poll_activity_task_queue retried 9 times [3merror[0m[2m=[0mStatus { code: Unavailable, message: "error trying to connect: tcp connect error: Connection refused (os error 61)", source: Some(tonic::transport::Error(Transport, hyper::Error(Connect, ConnectError("tcp connect error", Os { code: 61, kind: ConnectionRefused, message: "Connection refused" })))) }
[2m2025-04-09T09:32:43.724696Z[0m [33m WARN[0m [2mtemporal_client::retry[0m[2m:[0m gRPC call poll_activity_task_queue retried 9 times [3merror[0m[2m=[0mStatus { code: Unavailable, message: "error trying to connect: tcp connect error: Connection refused (os error 61)", source: Some(tonic::transport::Error(Transport, hyper::Error(Connect, ConnectError("tcp connect error", Os { code: 61, kind: ConnectionRefused, message: "Connection refused" })))) }
[2m2025-04-09T09:32:44.112418Z[0m [33m WARN[0m [2mtemporal_client::retry[0m[2m:[0m gRPC call poll_workflow_task_queue retried 9 times [3merror[0m[2m=[0mStatus { code: Unavailable, message: "error trying to connect: tcp connect error: Connection refused (os error 61)", source: Some(tonic::transport::Error(Transport, hyper::Error(Connect, ConnectError("tcp connect error", Os { code: 61, kind: ConnectionRefused, message: "Connection refused" })))) }
[2m2025-04-09T09:32:45.135935Z[0m [33m WARN[0m [2mtemporal_client::retry[0m[2m:[0m gRPC call poll_workflow_task_queue retried 9 times [3merror[0m[2m=[0mStatus { code: Unavailable, message: "error trying to connect: tcp connect error: Connection refused (os error 61)", source: Some(tonic::transport::Error(Transport, hyper::Error(Connect, ConnectError("tcp connect error", Os { code: 61, kind: ConnectionRefused, message: "Connection refused" })))) }
[2m2025-04-09T09:32:46.237592Z[0m [33m WARN[0m [2mtemporal_client::retry[0m[2m:[0m gRPC call poll_workflow_task_queue retried 9 times [3merror[0m[2m=[0mStatus { code: Unavailable, message: "error trying to connect: tcp connect error: Connection refused (os error 61)", source: Some(tonic::transport::Error(Transport, hyper::Error(Connect, ConnectError("tcp connect error", Os { code: 61, kind: ConnectionRefused, message: "Connection refused" })))) }
[2m2025-04-09T09:32:48.978068Z[0m [33m WARN[0m [2mtemporal_client::retry[0m[2m:[0m gRPC call poll_activity_task_queue retried 10 times [3merror[0m[2m=[0mStatus { code: Unavailable, message: "error trying to connect: tcp connect error: Connection refused (os error 61)", source: Some(tonic::transport::Error(Transport, hyper::Error(Connect, ConnectError("tcp connect error", Os { code: 61, kind: ConnectionRefused, message: "Connection refused" })))) }
[2m2025-04-09T09:32:49.144140Z[0m [33m WARN[0m [2mtemporal_client::retry[0m[2m:[0m gRPC call poll_workflow_task_queue retried 10 times [3merror[0m[2m=[0mStatus { code: Unavailable, message: "error trying to connect: tcp connect error: Connection refused (os error 61)", source: Some(tonic::transport::Error(Transport, hyper::Error(Connect, ConnectError("tcp connect error", Os { code: 61, kind: ConnectionRefused, message: "Connection refused" })))) }
[2m2025-04-09T09:34:45.390759Z[0m [33m WARN[0m [2mtemporal_client::retry[0m[2m:[0m gRPC call poll_workflow_task_queue retried 6 times [3merror[0m[2m=[0mStatus { code: Unavailable, message: "error trying to connect: tcp connect error: Connection refused (os error 61)", source: Some(tonic::transport::Error(Transport, hyper::Error(Connect, ConnectError("tcp connect error", Os { code: 61, kind: ConnectionRefused, message: "Connection refused" })))) }
[2m2025-04-09T09:34:45.634415Z[0m [33m WARN[0m [2mtemporal_client::retry[0m[2m:[0m gRPC call poll_workflow_task_queue retried 6 times [3merror[0m[2m=[0mStatus { code: Unknown, message: "transport error", source: Some(tonic::transport::Error(Transport, hyper::Error(Io, Custom { kind: BrokenPipe, error: "stream closed because of a broken pipe" }))) }
Failed handling activation on workflow with run ID 7db92bd6-cee4-4046-a7c5-558da4fcfc4e
Traceback (most recent call last):
  File "/Users/Krizpham/Thac si/IT6819 - Kiến trúc phần mềm/order_management_system/.venv/lib/python3.10/site-packages/temporalio/worker/_workflow.py", line 201, in _handle_activation
    workflow = self._create_workflow_instance(act)
  File "/Users/Krizpham/Thac si/IT6819 - Kiến trúc phần mềm/order_management_system/.venv/lib/python3.10/site-packages/temporalio/worker/_workflow.py", line 309, in _create_workflow_instance
    raise temporalio.exceptions.ApplicationError(
temporalio.exceptions.ApplicationError: NotFoundError: Workflow class OrderWorkflow is not registered on this worker, available workflows: OrderApprovalWorkflow
Failed handling activation on workflow with run ID 7db92bd6-cee4-4046-a7c5-558da4fcfc4e
Traceback (most recent call last):
  File "/Users/Krizpham/Thac si/IT6819 - Kiến trúc phần mềm/order_management_system/.venv/lib/python3.10/site-packages/temporalio/worker/_workflow.py", line 201, in _handle_activation
    workflow = self._create_workflow_instance(act)
  File "/Users/Krizpham/Thac si/IT6819 - Kiến trúc phần mềm/order_management_system/.venv/lib/python3.10/site-packages/temporalio/worker/_workflow.py", line 309, in _create_workflow_instance
    raise temporalio.exceptions.ApplicationError(
temporalio.exceptions.ApplicationError: NotFoundError: Workflow class OrderWorkflow is not registered on this worker, available workflows: OrderApprovalWorkflow
Failed handling activation on workflow with run ID 7db92bd6-cee4-4046-a7c5-558da4fcfc4e
Traceback (most recent call last):
  File "/Users/Krizpham/Thac si/IT6819 - Kiến trúc phần mềm/order_management_system/.venv/lib/python3.10/site-packages/temporalio/worker/_workflow.py", line 201, in _handle_activation
    workflow = self._create_workflow_instance(act)
  File "/Users/Krizpham/Thac si/IT6819 - Kiến trúc phần mềm/order_management_system/.venv/lib/python3.10/site-packages/temporalio/worker/_workflow.py", line 309, in _create_workflow_instance
    raise temporalio.exceptions.ApplicationError(
temporalio.exceptions.ApplicationError: NotFoundError: Workflow class OrderWorkflow is not registered on this worker, available workflows: OrderApprovalWorkflow
